[10:14:09.477] Global cache location '/home/noize/.cache/typescript/4.7', safe file path '/usr/lib/node_modules/typescript/lib/typingSafeList.json', types map path /usr/lib/node_modules/typescript/lib/typesMap.json
[10:14:09.479] Processing cache location '/home/noize/.cache/typescript/4.7'
[10:14:09.479] Trying to find '/home/noize/.cache/typescript/4.7/package.json'...
[10:14:09.482] Loaded content of '/home/noize/.cache/typescript/4.7/package.json': {"private":true,"dependencies":{"types-registry":"^0.1.610"},"devDependencies":{"@types/keccak":"^3.0.1","@types/node-fetch":"^2.6.2","@types/react":"^18.0.20","@types/react-dom":"^18.0.6","@types/readable-stream":"^2.3.14","@types/testing-library__jest-dom":"^5.14.5","@types/whatwg-url":"^11.0.0"}}
[10:14:09.482] Loaded content of '/home/noize/.cache/typescript/4.7/package-lock.json'
[10:14:09.504] Adding entry into typings cache: 'keccak' => '/home/noize/.cache/typescript/4.7/node_modules/@types/keccak/index.d.ts'
[10:14:09.513] Adding entry into typings cache: 'node-fetch' => '/home/noize/.cache/typescript/4.7/node_modules/@types/node-fetch/index.d.ts'
[10:14:09.529] Adding entry into typings cache: 'react' => '/home/noize/.cache/typescript/4.7/node_modules/@types/react/index.d.ts'
[10:14:09.551] Adding entry into typings cache: 'react-dom' => '/home/noize/.cache/typescript/4.7/node_modules/@types/react-dom/index.d.ts'
[10:14:09.558] Adding entry into typings cache: 'readable-stream' => '/home/noize/.cache/typescript/4.7/node_modules/@types/readable-stream/index.d.ts'
[10:14:09.560] Adding entry into typings cache: 'testing-library__jest-dom' => '/home/noize/.cache/typescript/4.7/node_modules/@types/testing-library__jest-dom/index.d.ts'
[10:14:09.564] Adding entry into typings cache: 'whatwg-url' => '/home/noize/.cache/typescript/4.7/node_modules/@types/whatwg-url/index.d.ts'
[10:14:09.564] Finished processing cache location '/home/noize/.cache/typescript/4.7'
[10:14:09.565] Process id: 49624
[10:14:09.565] NPM location: "/usr/bin/npm" (explicit '--npmLocation' not  provided)
[10:14:09.565] validateDefaultNpmLocation: true
[10:14:09.565] Npm config file: /home/noize/.cache/typescript/4.7/package.json
[10:14:09.565] Updating types-registry npm package...
[10:14:09.565] Exec: "/usr/bin/npm" install --ignore-scripts types-registry@latest
[10:14:12.954]     Succeeded. stdout:
    
    up to date, audited 70 packages in 3s

5 packages are looking for funding
  run `npm fund` for details

found 0 vulnerabilities

[10:14:12.954] Updated types-registry npm package
[10:14:16.827] Got install request {"projectName":"/dev/null/inferredProject1*","fileNames":["/usr/lib/node_modules/typescript/lib/lib.es5.d.ts","/usr/lib/node_modules/typescript/lib/lib.es2015.d.ts","/usr/lib/node_modules/typescript/lib/lib.es2016.d.ts","/usr/lib/node_modules/typescript/lib/lib.dom.d.ts","/usr/lib/node_modules/typescript/lib/lib.dom.iterable.d.ts","/usr/lib/node_modules/typescript/lib/lib.webworker.importscripts.d.ts","/usr/lib/node_modules/typescript/lib/lib.scripthost.d.ts","/usr/lib/node_modules/typescript/lib/lib.es2015.core.d.ts","/usr/lib/node_modules/typescript/lib/lib.es2015.collection.d.ts","/usr/lib/node_modules/typescript/lib/lib.es2015.generator.d.ts","/usr/lib/node_modules/typescript/lib/lib.es2015.iterable.d.ts","/usr/lib/node_modules/typescript/lib/lib.es2015.promise.d.ts","/usr/lib/node_modules/typescript/lib/lib.es2015.proxy.d.ts","/usr/lib/node_modules/typescript/lib/lib.es2015.reflect.d.ts","/usr/lib/node_modules/typescript/lib/lib.es2015.symbol.d.ts","/usr/lib/node_modules/typescript/lib/lib.es2015.symbol.wellknown.d.ts","/usr/lib/node_modules/typescript/lib/lib.es2016.array.include.d.ts","/usr/lib/node_modules/typescript/lib/lib.es2016.full.d.ts","/home/noize/bnd/hacking/nft/moonlight/website/www/src/Components/Sections/MapMenu.js","/home/noize/bnd/hacking/nft/moonlight/website/www/src/Components/Sections/Roadmap.js"],"compilerOptions":{"module":1,"target":3,"jsx":1,"allowJs":true,"allowSyntheticDefaultImports":true,"allowNonTsExtensions":true,"noEmitForJsFiles":true,"maxNodeModuleJsDepth":2},"typeAcquisition":{"enable":true,"include":[],"exclude":[]},"unresolvedImports":[],"projectRootPath":"/home/noize/bnd/hacking/nft/moonlight/website/www","kind":"discover"}
[10:14:16.883] Loaded safelist from types map file '/usr/lib/node_modules/typescript/lib/typesMap.json'
[10:14:16.884] Explicitly included types: []
[10:14:16.887] Typing names in '/home/noize/bnd/hacking/nft/moonlight/website/www/package.json' dependencies: ["@fullpage/react-fullpage","@solana-mobile/wallet-adapter-mobile","@solana/wallet-adapter-base","@solana/wallet-adapter-react","@solana/wallet-adapter-react-ui","@solana/wallet-adapter-wallets","@solana/web3.js","@testing-library/jest-dom","@testing-library/react","@testing-library/user-event","child_process","crypto-browserify","fullpage","react","react-app-rewired","react-dom","react-scripts","serve","stream-browserify","web-vitals"]
[10:14:16.888] Searching for typing names in /home/noize/bnd/hacking/nft/moonlight/website/www/node_modules; all files: ["/home/noize/bnd/hacking/nft/moonlight/website/www/node_modules/@fullpage/react-fullpage/package.json","/home/noize/bnd/hacking/nft/moonlight/website/www/node_modules/@solana-mobile/wallet-adapter-mobile/package.json","/home/noize/bnd/hacking/nft/moonlight/website/www/node_modules/@solana/wallet-adapter-base/package.json","/home/noize/bnd/hacking/nft/moonlight/website/www/node_modules/@solana/wallet-adapter-react/package.json","/home/noize/bnd/hacking/nft/moonlight/website/www/node_modules/@solana/wallet-adapter-react-ui/package.json","/home/noize/bnd/hacking/nft/moonlight/website/www/node_modules/@solana/wallet-adapter-wallets/package.json","/home/noize/bnd/hacking/nft/moonlight/website/www/node_modules/@solana/web3.js/package.json","/home/noize/bnd/hacking/nft/moonlight/website/www/node_modules/@testing-library/jest-dom/package.json","/home/noize/bnd/hacking/nft/moonlight/website/www/node_modules/@testing-library/react/package.json","/home/noize/bnd/hacking/nft/moonlight/website/www/node_modules/@testing-library/user-event/package.json","/home/noize/bnd/hacking/nft/moonlight/website/www/node_modules/child_process/package.json","/home/noize/bnd/hacking/nft/moonlight/website/www/node_modules/crypto-browserify/package.json","/home/noize/bnd/hacking/nft/moonlight/website/www/node_modules/fullpage/package.json","/home/noize/bnd/hacking/nft/moonlight/website/www/node_modules/react/package.json","/home/noize/bnd/hacking/nft/moonlight/website/www/node_modules/react-app-rewired/package.json","/home/noize/bnd/hacking/nft/moonlight/website/www/node_modules/react-dom/package.json","/home/noize/bnd/hacking/nft/moonlight/website/www/node_modules/react-scripts/package.json","/home/noize/bnd/hacking/nft/moonlight/website/www/node_modules/serve/package.json","/home/noize/bnd/hacking/nft/moonlight/website/www/node_modules/stream-browserify/package.json","/home/noize/bnd/hacking/nft/moonlight/website/www/node_modules/web-vitals/package.json"]
[10:14:16.899]     Package '@fullpage/react-fullpage' provides its own types.
[10:14:16.907]     Package '@solana-mobile/wallet-adapter-mobile' provides its own types.
[10:14:16.909]     Package '@solana/wallet-adapter-base' provides its own types.
[10:14:16.911]     Package '@solana/wallet-adapter-react' provides its own types.
[10:14:16.913]     Package '@solana/wallet-adapter-react-ui' provides its own types.
[10:14:16.915]     Package '@solana/wallet-adapter-wallets' provides its own types.
[10:14:16.948]     Package '@solana/web3.js' provides its own types.
[10:14:16.953]     Package '@testing-library/react' provides its own types.
[10:14:16.990]     Package 'react-scripts' provides its own types.
[10:14:17.015]     Package 'web-vitals' provides its own types.
[10:14:17.015]     Found package names: ["@testing-library/jest-dom","@testing-library/user-event","child_process","crypto-browserify","fullpage","react","react-app-rewired","react-dom","serve","stream-browserify"]
[10:14:17.016] Inferred typings from unresolved imports: []
[10:14:17.017] Result: {"cachedTypingPaths":["/home/noize/bnd/hacking/nft/moonlight/website/www/node_modules/@fullpage/react-fullpage/types/index.d.ts","/home/noize/bnd/hacking/nft/moonlight/website/www/node_modules/@solana-mobile/wallet-adapter-mobile/lib/types/index.d.ts","/home/noize/bnd/hacking/nft/moonlight/website/www/node_modules/@solana/wallet-adapter-base/lib/types/index.d.ts","/home/noize/bnd/hacking/nft/moonlight/website/www/node_modules/@solana/wallet-adapter-react/lib/types/index.d.ts","/home/noize/bnd/hacking/nft/moonlight/website/www/node_modules/@solana/wallet-adapter-react-ui/lib/types/index.d.ts","/home/noize/bnd/hacking/nft/moonlight/website/www/node_modules/@solana/wallet-adapter-wallets/lib/types/index.d.ts","/home/noize/bnd/hacking/nft/moonlight/website/www/node_modules/@solana/web3.js/lib/index.d.ts","/home/noize/bnd/hacking/nft/moonlight/website/www/node_modules/@testing-library/react/types/index.d.ts","/home/noize/.cache/typescript/4.7/node_modules/@types/react/index.d.ts","/home/noize/.cache/typescript/4.7/node_modules/@types/react-dom/index.d.ts","/home/noize/bnd/hacking/nft/moonlight/website/www/node_modules/react-scripts/lib/react-app.d.ts","/home/noize/bnd/hacking/nft/moonlight/website/www/node_modules/web-vitals/dist/modules/index.d.ts"],"newTypingNames":["@testing-library/jest-dom","@testing-library/user-event","child_process","crypto-browserify","fullpage","react-app-rewired","serve","stream-browserify"],"filesToWatch":["/home/noize/bnd/hacking/nft/moonlight/website/www/src/Components/Sections/bower_components","/home/noize/bnd/hacking/nft/moonlight/website/www/src/Components/Sections/node_modules","/home/noize/bnd/hacking/nft/moonlight/website/www/bower_components","/home/noize/bnd/hacking/nft/moonlight/website/www/package.json","/home/noize/bnd/hacking/nft/moonlight/website/www/node_modules"]}
[10:14:17.017] Finished typings discovery: {"cachedTypingPaths":["/home/noize/bnd/hacking/nft/moonlight/website/www/node_modules/@fullpage/react-fullpage/types/index.d.ts","/home/noize/bnd/hacking/nft/moonlight/website/www/node_modules/@solana-mobile/wallet-adapter-mobile/lib/types/index.d.ts","/home/noize/bnd/hacking/nft/moonlight/website/www/node_modules/@solana/wallet-adapter-base/lib/types/index.d.ts","/home/noize/bnd/hacking/nft/moonlight/website/www/node_modules/@solana/wallet-adapter-react/lib/types/index.d.ts","/home/noize/bnd/hacking/nft/moonlight/website/www/node_modules/@solana/wallet-adapter-react-ui/lib/types/index.d.ts","/home/noize/bnd/hacking/nft/moonlight/website/www/node_modules/@solana/wallet-adapter-wallets/lib/types/index.d.ts","/home/noize/bnd/hacking/nft/moonlight/website/www/node_modules/@solana/web3.js/lib/index.d.ts","/home/noize/bnd/hacking/nft/moonlight/website/www/node_modules/@testing-library/react/types/index.d.ts","/home/noize/.cache/typescript/4.7/node_modules/@types/react/index.d.ts","/home/noize/.cache/typescript/4.7/node_modules/@types/react-dom/index.d.ts","/home/noize/bnd/hacking/nft/moonlight/website/www/node_modules/react-scripts/lib/react-app.d.ts","/home/noize/bnd/hacking/nft/moonlight/website/www/node_modules/web-vitals/dist/modules/index.d.ts"],"newTypingNames":["@testing-library/jest-dom","@testing-library/user-event","child_process","crypto-browserify","fullpage","react-app-rewired","serve","stream-browserify"],"filesToWatch":["/home/noize/bnd/hacking/nft/moonlight/website/www/src/Components/Sections/bower_components","/home/noize/bnd/hacking/nft/moonlight/website/www/src/Components/Sections/node_modules","/home/noize/bnd/hacking/nft/moonlight/website/www/bower_components","/home/noize/bnd/hacking/nft/moonlight/website/www/package.json","/home/noize/bnd/hacking/nft/moonlight/website/www/node_modules"]}
[10:14:17.017] DirectoryWatcher:: Added:: WatchInfo: /home/noize/bnd/hacking/nft/moonlight/website/www/src
[10:14:17.018] DirectoryWatcher:: Added:: WatchInfo: /home/noize/bnd/hacking/nft/moonlight/website/www/src 1 undefined Project: /dev/null/inferredProject1* watcher already invoked: false
[10:14:17.032] Elapsed:: 14.32371200621128ms DirectoryWatcher:: Added:: WatchInfo: /home/noize/bnd/hacking/nft/moonlight/website/www/src 1 undefined Project: /dev/null/inferredProject1* watcher already invoked: false
[10:14:17.033] DirectoryWatcher:: Added:: WatchInfo: /home/noize/bnd/hacking/nft/moonlight/website/www/bower_components
[10:14:17.033] DirectoryWatcher:: Added:: WatchInfo: /home/noize/bnd/hacking/nft/moonlight/website/www/bower_components 1 undefined Project: /dev/null/inferredProject1* watcher already invoked: false
[10:14:17.044] Elapsed:: 10.866734012961388ms DirectoryWatcher:: Added:: WatchInfo: /home/noize/bnd/hacking/nft/moonlight/website/www/bower_components 1 undefined Project: /dev/null/inferredProject1* watcher already invoked: false
[10:14:17.044] FileWatcher:: Added:: WatchInfo: /home/noize/bnd/hacking/nft/moonlight/website/www/package.json
[10:14:17.044] FileWatcher:: Added:: WatchInfo: /home/noize/bnd/hacking/nft/moonlight/website/www/package.json 2000 undefined Project: /dev/null/inferredProject1* watcher already invoked: false
[10:14:17.045] DirectoryWatcher:: Added:: WatchInfo: /home/noize/bnd/hacking/nft/moonlight/website/www/node_modules
[10:14:17.045] DirectoryWatcher:: Added:: WatchInfo: /home/noize/bnd/hacking/nft/moonlight/website/www/node_modules 1 undefined Project: /dev/null/inferredProject1* watcher already invoked: false
[10:14:19.254] Elapsed:: 2209.59905000031ms DirectoryWatcher:: Added:: WatchInfo: /home/noize/bnd/hacking/nft/moonlight/website/www/node_modules 1 undefined Project: /dev/null/inferredProject1* watcher already invoked: false
[10:14:19.255] Installing typings ["@testing-library/jest-dom","@testing-library/user-event","child_process","crypto-browserify","fullpage","react-app-rewired","serve","stream-browserify"]
[10:14:19.255] '@testing-library/jest-dom':: 'testing-library__jest-dom' already has an up-to-date typing - skipping...
[10:14:19.255] '@testing-library/user-event':: Entry for package 'testing-library__user-event' does not exist in local types registry - skipping...
[10:14:19.256] 'child_process':: Entry for package 'child_process' does not exist in local types registry - skipping...
[10:14:19.256] 'crypto-browserify':: Entry for package 'crypto-browserify' does not exist in local types registry - skipping...
[10:14:19.256] 'fullpage':: Entry for package 'fullpage' does not exist in local types registry - skipping...
[10:14:19.256] 'react-app-rewired':: Entry for package 'react-app-rewired' does not exist in local types registry - skipping...
[10:14:19.256] 'serve':: Entry for package 'serve' does not exist in local types registry - skipping...
[10:14:19.256] 'stream-browserify':: Entry for package 'stream-browserify' does not exist in local types registry - skipping...
[10:14:19.256] All typings are known to be missing or invalid - no need to install more typings
[10:14:19.256] Sending response:
    {"projectName":"/dev/null/inferredProject1*","typeAcquisition":{"enable":true,"include":[],"exclude":[]},"compilerOptions":{"module":1,"target":3,"jsx":1,"allowJs":true,"allowSyntheticDefaultImports":true,"allowNonTsExtensions":true,"noEmitForJsFiles":true,"maxNodeModuleJsDepth":2},"typings":["/home/noize/bnd/hacking/nft/moonlight/website/www/node_modules/@fullpage/react-fullpage/types/index.d.ts","/home/noize/bnd/hacking/nft/moonlight/website/www/node_modules/@solana-mobile/wallet-adapter-mobile/lib/types/index.d.ts","/home/noize/bnd/hacking/nft/moonlight/website/www/node_modules/@solana/wallet-adapter-base/lib/types/index.d.ts","/home/noize/bnd/hacking/nft/moonlight/website/www/node_modules/@solana/wallet-adapter-react/lib/types/index.d.ts","/home/noize/bnd/hacking/nft/moonlight/website/www/node_modules/@solana/wallet-adapter-react-ui/lib/types/index.d.ts","/home/noize/bnd/hacking/nft/moonlight/website/www/node_modules/@solana/wallet-adapter-wallets/lib/types/index.d.ts","/home/noize/bnd/hacking/nft/moonlight/website/www/node_modules/@solana/web3.js/lib/index.d.ts","/home/noize/bnd/hacking/nft/moonlight/website/www/node_modules/@testing-library/react/types/index.d.ts","/home/noize/.cache/typescript/4.7/node_modules/@types/react/index.d.ts","/home/noize/.cache/typescript/4.7/node_modules/@types/react-dom/index.d.ts","/home/noize/bnd/hacking/nft/moonlight/website/www/node_modules/react-scripts/lib/react-app.d.ts","/home/noize/bnd/hacking/nft/moonlight/website/www/node_modules/web-vitals/dist/modules/index.d.ts"],"unresolvedImports":[],"kind":"action::set"}
[10:14:19.257] Response has been sent.
[10:14:23.639] Got install request {"projectName":"/dev/null/inferredProject1*","fileNames":["/usr/lib/node_modules/typescript/lib/lib.es5.d.ts","/usr/lib/node_modules/typescript/lib/lib.es2015.d.ts","/usr/lib/node_modules/typescript/lib/lib.es2016.d.ts","/usr/lib/node_modules/typescript/lib/lib.dom.d.ts","/usr/lib/node_modules/typescript/lib/lib.dom.iterable.d.ts","/usr/lib/node_modules/typescript/lib/lib.webworker.importscripts.d.ts","/usr/lib/node_modules/typescript/lib/lib.scripthost.d.ts","/usr/lib/node_modules/typescript/lib/lib.es2015.core.d.ts","/usr/lib/node_modules/typescript/lib/lib.es2015.collection.d.ts","/usr/lib/node_modules/typescript/lib/lib.es2015.generator.d.ts","/usr/lib/node_modules/typescript/lib/lib.es2015.iterable.d.ts","/usr/lib/node_modules/typescript/lib/lib.es2015.promise.d.ts","/usr/lib/node_modules/typescript/lib/lib.es2015.proxy.d.ts","/usr/lib/node_modules/typescript/lib/lib.es2015.reflect.d.ts","/usr/lib/node_modules/typescript/lib/lib.es2015.symbol.d.ts","/usr/lib/node_modules/typescript/lib/lib.es2015.symbol.wellknown.d.ts","/usr/lib/node_modules/typescript/lib/lib.es2016.array.include.d.ts","/usr/lib/node_modules/typescript/lib/lib.es2016.full.d.ts","/home/noize/bnd/hacking/nft/moonlight/website/www/src/Components/Sections/MapMenu.js","/home/noize/bnd/hacking/nft/moonlight/website/www/src/Components/Sections/Roadmap.js","/home/noize/.cache/typescript/4.7/node_modules/@types/react/global.d.ts","/home/noize/.cache/typescript/4.7/node_modules/@types/react/index.d.ts","/home/noize/.cache/typescript/4.7/node_modules/@types/react-dom/index.d.ts","/home/noize/bnd/hacking/nft/moonlight/website/www/node_modules/@fullpage/react-fullpage/types/index.d.ts","/home/noize/bnd/hacking/nft/moonlight/website/www/node_modules/@solana/web3.js/lib/index.d.ts","/home/noize/bnd/hacking/nft/moonlight/website/www/node_modules/@solana/wallet-adapter-base/lib/types/index.d.ts","/home/noize/bnd/hacking/nft/moonlight/website/www/node_modules/@solana-mobile/wallet-adapter-mobile/lib/types/index.d.ts","/home/noize/bnd/hacking/nft/moonlight/website/www/node_modules/@solana/wallet-adapter-react/lib/types/index.d.ts","/home/noize/bnd/hacking/nft/moonlight/website/www/node_modules/@solana/wallet-adapter-react-ui/lib/types/index.d.ts","/home/noize/bnd/hacking/nft/moonlight/website/www/node_modules/@solana/wallet-adapter-wallets/lib/types/index.d.ts","/home/noize/bnd/hacking/nft/moonlight/website/www/node_modules/@testing-library/react/types/index.d.ts","/home/noize/bnd/hacking/nft/moonlight/website/www/node_modules/react-scripts/lib/react-app.d.ts","/home/noize/bnd/hacking/nft/moonlight/website/www/node_modules/web-vitals/dist/modules/index.d.ts"],"compilerOptions":{"module":1,"target":3,"jsx":1,"allowJs":true,"allowSyntheticDefaultImports":true,"allowNonTsExtensions":true,"noEmitForJsFiles":true,"maxNodeModuleJsDepth":2},"typeAcquisition":{"enable":true,"include":[],"exclude":[]},"unresolvedImports":[],"projectRootPath":"/home/noize/bnd/hacking/nft/moonlight/website/www","kind":"discover"}
[10:14:23.639] Explicitly included types: []
[10:14:23.647] Typing names in '/home/noize/bnd/hacking/nft/moonlight/website/www/package.json' dependencies: ["@fullpage/react-fullpage","@solana-mobile/wallet-adapter-mobile","@solana/wallet-adapter-base","@solana/wallet-adapter-react","@solana/wallet-adapter-react-ui","@solana/wallet-adapter-wallets","@solana/web3.js","@testing-library/jest-dom","@testing-library/react","@testing-library/user-event","child_process","crypto-browserify","fullpage","react","react-app-rewired","react-dom","react-scripts","serve","stream-browserify","web-vitals"]
[10:14:23.648] Searching for typing names in /home/noize/bnd/hacking/nft/moonlight/website/www/node_modules; all files: ["/home/noize/bnd/hacking/nft/moonlight/website/www/node_modules/@fullpage/react-fullpage/package.json","/home/noize/bnd/hacking/nft/moonlight/website/www/node_modules/@solana-mobile/wallet-adapter-mobile/package.json","/home/noize/bnd/hacking/nft/moonlight/website/www/node_modules/@solana/wallet-adapter-base/package.json","/home/noize/bnd/hacking/nft/moonlight/website/www/node_modules/@solana/wallet-adapter-react/package.json","/home/noize/bnd/hacking/nft/moonlight/website/www/node_modules/@solana/wallet-adapter-react-ui/package.json","/home/noize/bnd/hacking/nft/moonlight/website/www/node_modules/@solana/wallet-adapter-wallets/package.json","/home/noize/bnd/hacking/nft/moonlight/website/www/node_modules/@solana/web3.js/package.json","/home/noize/bnd/hacking/nft/moonlight/website/www/node_modules/@testing-library/jest-dom/package.json","/home/noize/bnd/hacking/nft/moonlight/website/www/node_modules/@testing-library/react/package.json","/home/noize/bnd/hacking/nft/moonlight/website/www/node_modules/@testing-library/user-event/package.json","/home/noize/bnd/hacking/nft/moonlight/website/www/node_modules/child_process/package.json","/home/noize/bnd/hacking/nft/moonlight/website/www/node_modules/crypto-browserify/package.json","/home/noize/bnd/hacking/nft/moonlight/website/www/node_modules/fullpage/package.json","/home/noize/bnd/hacking/nft/moonlight/website/www/node_modules/react/package.json","/home/noize/bnd/hacking/nft/moonlight/website/www/node_modules/react-app-rewired/package.json","/home/noize/bnd/hacking/nft/moonlight/website/www/node_modules/react-dom/package.json","/home/noize/bnd/hacking/nft/moonlight/website/www/node_modules/react-scripts/package.json","/home/noize/bnd/hacking/nft/moonlight/website/www/node_modules/serve/package.json","/home/noize/bnd/hacking/nft/moonlight/website/www/node_modules/stream-browserify/package.json","/home/noize/bnd/hacking/nft/moonlight/website/www/node_modules/web-vitals/package.json"]
[10:14:23.652]     Package '@fullpage/react-fullpage' provides its own types.
[10:14:23.661]     Package '@solana-mobile/wallet-adapter-mobile' provides its own types.
[10:14:23.662]     Package '@solana/wallet-adapter-base' provides its own types.
[10:14:23.663]     Package '@solana/wallet-adapter-react' provides its own types.
[10:14:23.666]     Package '@solana/wallet-adapter-react-ui' provides its own types.
[10:14:23.673]     Package '@solana/wallet-adapter-wallets' provides its own types.
[10:14:23.691]     Package '@solana/web3.js' provides its own types.
[10:14:23.700]     Package '@testing-library/react' provides its own types.
[10:14:23.718]     Package 'react-scripts' provides its own types.
[10:14:23.729]     Package 'web-vitals' provides its own types.
[10:14:23.729]     Found package names: ["@testing-library/jest-dom","@testing-library/user-event","child_process","crypto-browserify","fullpage","react","react-app-rewired","react-dom","serve","stream-browserify"]
[10:14:23.729] Inferred typings from unresolved imports: []
[10:14:23.729] Result: {"cachedTypingPaths":["/home/noize/bnd/hacking/nft/moonlight/website/www/node_modules/@fullpage/react-fullpage/types/index.d.ts","/home/noize/bnd/hacking/nft/moonlight/website/www/node_modules/@solana-mobile/wallet-adapter-mobile/lib/types/index.d.ts","/home/noize/bnd/hacking/nft/moonlight/website/www/node_modules/@solana/wallet-adapter-base/lib/types/index.d.ts","/home/noize/bnd/hacking/nft/moonlight/website/www/node_modules/@solana/wallet-adapter-react/lib/types/index.d.ts","/home/noize/bnd/hacking/nft/moonlight/website/www/node_modules/@solana/wallet-adapter-react-ui/lib/types/index.d.ts","/home/noize/bnd/hacking/nft/moonlight/website/www/node_modules/@solana/wallet-adapter-wallets/lib/types/index.d.ts","/home/noize/bnd/hacking/nft/moonlight/website/www/node_modules/@solana/web3.js/lib/index.d.ts","/home/noize/bnd/hacking/nft/moonlight/website/www/node_modules/@testing-library/react/types/index.d.ts","/home/noize/.cache/typescript/4.7/node_modules/@types/react/index.d.ts","/home/noize/.cache/typescript/4.7/node_modules/@types/react-dom/index.d.ts","/home/noize/bnd/hacking/nft/moonlight/website/www/node_modules/react-scripts/lib/react-app.d.ts","/home/noize/bnd/hacking/nft/moonlight/website/www/node_modules/web-vitals/dist/modules/index.d.ts"],"newTypingNames":["@testing-library/jest-dom","@testing-library/user-event","child_process","crypto-browserify","fullpage","react-app-rewired","serve","stream-browserify"],"filesToWatch":["/home/noize/bnd/hacking/nft/moonlight/website/www/src/Components/Sections/bower_components","/home/noize/bnd/hacking/nft/moonlight/website/www/src/Components/Sections/node_modules","/home/noize/bnd/hacking/nft/moonlight/website/www/bower_components","/home/noize/bnd/hacking/nft/moonlight/website/www/package.json","/home/noize/bnd/hacking/nft/moonlight/website/www/node_modules"]}
[10:14:23.729] Finished typings discovery: {"cachedTypingPaths":["/home/noize/bnd/hacking/nft/moonlight/website/www/node_modules/@fullpage/react-fullpage/types/index.d.ts","/home/noize/bnd/hacking/nft/moonlight/website/www/node_modules/@solana-mobile/wallet-adapter-mobile/lib/types/index.d.ts","/home/noize/bnd/hacking/nft/moonlight/website/www/node_modules/@solana/wallet-adapter-base/lib/types/index.d.ts","/home/noize/bnd/hacking/nft/moonlight/website/www/node_modules/@solana/wallet-adapter-react/lib/types/index.d.ts","/home/noize/bnd/hacking/nft/moonlight/website/www/node_modules/@solana/wallet-adapter-react-ui/lib/types/index.d.ts","/home/noize/bnd/hacking/nft/moonlight/website/www/node_modules/@solana/wallet-adapter-wallets/lib/types/index.d.ts","/home/noize/bnd/hacking/nft/moonlight/website/www/node_modules/@solana/web3.js/lib/index.d.ts","/home/noize/bnd/hacking/nft/moonlight/website/www/node_modules/@testing-library/react/types/index.d.ts","/home/noize/.cache/typescript/4.7/node_modules/@types/react/index.d.ts","/home/noize/.cache/typescript/4.7/node_modules/@types/react-dom/index.d.ts","/home/noize/bnd/hacking/nft/moonlight/website/www/node_modules/react-scripts/lib/react-app.d.ts","/home/noize/bnd/hacking/nft/moonlight/website/www/node_modules/web-vitals/dist/modules/index.d.ts"],"newTypingNames":["@testing-library/jest-dom","@testing-library/user-event","child_process","crypto-browserify","fullpage","react-app-rewired","serve","stream-browserify"],"filesToWatch":["/home/noize/bnd/hacking/nft/moonlight/website/www/src/Components/Sections/bower_components","/home/noize/bnd/hacking/nft/moonlight/website/www/src/Components/Sections/node_modules","/home/noize/bnd/hacking/nft/moonlight/website/www/bower_components","/home/noize/bnd/hacking/nft/moonlight/website/www/package.json","/home/noize/bnd/hacking/nft/moonlight/website/www/node_modules"]}
[10:14:23.730] Installing typings ["@testing-library/jest-dom","@testing-library/user-event","child_process","crypto-browserify","fullpage","react-app-rewired","serve","stream-browserify"]
[10:14:23.730] '@testing-library/jest-dom':: 'testing-library__jest-dom' already has an up-to-date typing - skipping...
[10:14:23.730] '@testing-library/user-event':: Entry for package 'testing-library__user-event' does not exist in local types registry - skipping...
[10:14:23.730] 'child_process':: Entry for package 'child_process' does not exist in local types registry - skipping...
[10:14:23.730] 'crypto-browserify':: Entry for package 'crypto-browserify' does not exist in local types registry - skipping...
[10:14:23.730] 'fullpage':: Entry for package 'fullpage' does not exist in local types registry - skipping...
[10:14:23.730] 'react-app-rewired':: Entry for package 'react-app-rewired' does not exist in local types registry - skipping...
[10:14:23.730] 'serve':: Entry for package 'serve' does not exist in local types registry - skipping...
[10:14:23.731] 'stream-browserify':: Entry for package 'stream-browserify' does not exist in local types registry - skipping...
[10:14:23.731] All typings are known to be missing or invalid - no need to install more typings
[10:14:23.731] Sending response:
    {"projectName":"/dev/null/inferredProject1*","typeAcquisition":{"enable":true,"include":[],"exclude":[]},"compilerOptions":{"module":1,"target":3,"jsx":1,"allowJs":true,"allowSyntheticDefaultImports":true,"allowNonTsExtensions":true,"noEmitForJsFiles":true,"maxNodeModuleJsDepth":2},"typings":["/home/noize/bnd/hacking/nft/moonlight/website/www/node_modules/@fullpage/react-fullpage/types/index.d.ts","/home/noize/bnd/hacking/nft/moonlight/website/www/node_modules/@solana-mobile/wallet-adapter-mobile/lib/types/index.d.ts","/home/noize/bnd/hacking/nft/moonlight/website/www/node_modules/@solana/wallet-adapter-base/lib/types/index.d.ts","/home/noize/bnd/hacking/nft/moonlight/website/www/node_modules/@solana/wallet-adapter-react/lib/types/index.d.ts","/home/noize/bnd/hacking/nft/moonlight/website/www/node_modules/@solana/wallet-adapter-react-ui/lib/types/index.d.ts","/home/noize/bnd/hacking/nft/moonlight/website/www/node_modules/@solana/wallet-adapter-wallets/lib/types/index.d.ts","/home/noize/bnd/hacking/nft/moonlight/website/www/node_modules/@solana/web3.js/lib/index.d.ts","/home/noize/bnd/hacking/nft/moonlight/website/www/node_modules/@testing-library/react/types/index.d.ts","/home/noize/.cache/typescript/4.7/node_modules/@types/react/index.d.ts","/home/noize/.cache/typescript/4.7/node_modules/@types/react-dom/index.d.ts","/home/noize/bnd/hacking/nft/moonlight/website/www/node_modules/react-scripts/lib/react-app.d.ts","/home/noize/bnd/hacking/nft/moonlight/website/www/node_modules/web-vitals/dist/modules/index.d.ts"],"unresolvedImports":[],"kind":"action::set"}
[10:14:23.731] Response has been sent.
[10:23:08.819] sysLog:: /home/noize/bnd/hacking/nft/moonlight/website/www/node_modules/@eslint/eslintrc:: Changing watcher to MissingFileSystemEntryWatcher
[10:23:08.856] DirectoryWatcher:: Triggered with /home/noize/bnd/hacking/nft/moonlight/website/www/node_modules/@eslint/eslintrc :: WatchInfo: /home/noize/bnd/hacking/nft/moonlight/website/www/node_modules 1 undefined Project: /dev/null/inferredProject1* watcher already invoked: false
[10:23:08.856] Elapsed:: 0.10866899788379669ms DirectoryWatcher:: Triggered with /home/noize/bnd/hacking/nft/moonlight/website/www/node_modules/@eslint/eslintrc :: WatchInfo: /home/noize/bnd/hacking/nft/moonlight/website/www/node_modules 1 undefined Project: /dev/null/inferredProject1* watcher already invoked: false
[10:23:08.869] sysLog:: /home/noize/bnd/hacking/nft/moonlight/website/www/node_modules/acorn-jsx:: Changing watcher to MissingFileSystemEntryWatcher
[10:23:08.870] DirectoryWatcher:: Triggered with /home/noize/bnd/hacking/nft/moonlight/website/www/node_modules/acorn-jsx :: WatchInfo: /home/noize/bnd/hacking/nft/moonlight/website/www/node_modules 1 undefined Project: /dev/null/inferredProject1* watcher already invoked: false
[10:23:08.870] Elapsed:: 0.02336500585079193ms DirectoryWatcher:: Triggered with /home/noize/bnd/hacking/nft/moonlight/website/www/node_modules/acorn-jsx :: WatchInfo: /home/noize/bnd/hacking/nft/moonlight/website/www/node_modules 1 undefined Project: /dev/null/inferredProject1* watcher already invoked: false
[10:23:08.870] sysLog:: /home/noize/bnd/hacking/nft/moonlight/website/www/node_modules/eslint:: Changing watcher to MissingFileSystemEntryWatcher
[10:23:08.871] DirectoryWatcher:: Triggered with /home/noize/bnd/hacking/nft/moonlight/website/www/node_modules/eslint :: WatchInfo: /home/noize/bnd/hacking/nft/moonlight/website/www/node_modules 1 undefined Project: /dev/null/inferredProject1* watcher already invoked: false
[10:23:08.871] Elapsed:: 0.013089999556541443ms DirectoryWatcher:: Triggered with /home/noize/bnd/hacking/nft/moonlight/website/www/node_modules/eslint :: WatchInfo: /home/noize/bnd/hacking/nft/moonlight/website/www/node_modules 1 undefined Project: /dev/null/inferredProject1* watcher already invoked: false
[10:23:08.877] sysLog:: /home/noize/bnd/hacking/nft/moonlight/website/www/node_modules/eslint-plugin-react:: Changing watcher to MissingFileSystemEntryWatcher
[10:23:08.877] DirectoryWatcher:: Triggered with /home/noize/bnd/hacking/nft/moonlight/website/www/node_modules/eslint-plugin-react :: WatchInfo: /home/noize/bnd/hacking/nft/moonlight/website/www/node_modules 1 undefined Project: /dev/null/inferredProject1* watcher already invoked: false
[10:23:08.877] Elapsed:: 0.02638399600982666ms DirectoryWatcher:: Triggered with /home/noize/bnd/hacking/nft/moonlight/website/www/node_modules/eslint-plugin-react :: WatchInfo: /home/noize/bnd/hacking/nft/moonlight/website/www/node_modules 1 undefined Project: /dev/null/inferredProject1* watcher already invoked: false
[10:23:08.882] sysLog:: /home/noize/bnd/hacking/nft/moonlight/website/www/node_modules/v8-compile-cache:: Changing watcher to MissingFileSystemEntryWatcher
[10:23:08.883] DirectoryWatcher:: Triggered with /home/noize/bnd/hacking/nft/moonlight/website/www/node_modules/v8-compile-cache :: WatchInfo: /home/noize/bnd/hacking/nft/moonlight/website/www/node_modules 1 undefined Project: /dev/null/inferredProject1* watcher already invoked: false
[10:23:08.883] Elapsed:: 0.01863500475883484ms DirectoryWatcher:: Triggered with /home/noize/bnd/hacking/nft/moonlight/website/www/node_modules/v8-compile-cache :: WatchInfo: /home/noize/bnd/hacking/nft/moonlight/website/www/node_modules 1 undefined Project: /dev/null/inferredProject1* watcher already invoked: false
[10:23:08.883] sysLog:: /home/noize/bnd/hacking/nft/moonlight/website/www/node_modules/espree:: Changing watcher to MissingFileSystemEntryWatcher
[10:23:08.883] DirectoryWatcher:: Triggered with /home/noize/bnd/hacking/nft/moonlight/website/www/node_modules/espree :: WatchInfo: /home/noize/bnd/hacking/nft/moonlight/website/www/node_modules 1 undefined Project: /dev/null/inferredProject1* watcher already invoked: false
[10:23:08.883] Elapsed:: 0.010206997394561768ms DirectoryWatcher:: Triggered with /home/noize/bnd/hacking/nft/moonlight/website/www/node_modules/espree :: WatchInfo: /home/noize/bnd/hacking/nft/moonlight/website/www/node_modules 1 undefined Project: /dev/null/inferredProject1* watcher already invoked: false
[10:23:08.886] sysLog:: /home/noize/bnd/hacking/nft/moonlight/website/www/node_modules/@humanwhocodes/config-array:: Changing watcher to MissingFileSystemEntryWatcher
[10:23:08.886] DirectoryWatcher:: Triggered with /home/noize/bnd/hacking/nft/moonlight/website/www/node_modules/@humanwhocodes/config-array :: WatchInfo: /home/noize/bnd/hacking/nft/moonlight/website/www/node_modules 1 undefined Project: /dev/null/inferredProject1* watcher already invoked: false
[10:23:08.886] Elapsed:: 0.017406001687049866ms DirectoryWatcher:: Triggered with /home/noize/bnd/hacking/nft/moonlight/website/www/node_modules/@humanwhocodes/config-array :: WatchInfo: /home/noize/bnd/hacking/nft/moonlight/website/www/node_modules 1 undefined Project: /dev/null/inferredProject1* watcher already invoked: false
[10:23:08.887] sysLog:: /home/noize/bnd/hacking/nft/moonlight/website/www/node_modules/@humanwhocodes/object-schema:: Changing watcher to MissingFileSystemEntryWatcher
[10:23:08.887] DirectoryWatcher:: Triggered with /home/noize/bnd/hacking/nft/moonlight/website/www/node_modules/@humanwhocodes/object-schema :: WatchInfo: /home/noize/bnd/hacking/nft/moonlight/website/www/node_modules 1 undefined Project: /dev/null/inferredProject1* watcher already invoked: false
[10:23:08.887] Elapsed:: 0.01391400396823883ms DirectoryWatcher:: Triggered with /home/noize/bnd/hacking/nft/moonlight/website/www/node_modules/@humanwhocodes/object-schema :: WatchInfo: /home/noize/bnd/hacking/nft/moonlight/website/www/node_modules 1 undefined Project: /dev/null/inferredProject1* watcher already invoked: false
[10:23:09.319] sysLog:: /home/noize/bnd/hacking/nft/moonlight/website/www/node_modules/@eslint/eslintrc:: Changing watcher to PresentFileSystemEntryWatcher
[10:23:09.367] sysLog:: /home/noize/bnd/hacking/nft/moonlight/website/www/node_modules/acorn-jsx:: Changing watcher to PresentFileSystemEntryWatcher
[10:23:09.371] sysLog:: /home/noize/bnd/hacking/nft/moonlight/website/www/node_modules/eslint:: Changing watcher to PresentFileSystemEntryWatcher
[10:23:09.377] sysLog:: /home/noize/bnd/hacking/nft/moonlight/website/www/node_modules/eslint-plugin-react:: Changing watcher to PresentFileSystemEntryWatcher
[10:23:09.383] sysLog:: /home/noize/bnd/hacking/nft/moonlight/website/www/node_modules/espree:: Changing watcher to PresentFileSystemEntryWatcher
[10:23:09.386] sysLog:: /home/noize/bnd/hacking/nft/moonlight/website/www/node_modules/@humanwhocodes/config-array:: Changing watcher to PresentFileSystemEntryWatcher
[10:23:09.386] sysLog:: /home/noize/bnd/hacking/nft/moonlight/website/www/node_modules/@humanwhocodes/object-schema:: Changing watcher to PresentFileSystemEntryWatcher
[10:23:11.874] sysLog:: onTimerToUpdateChildWatches:: 10
[10:23:16.742] sysLog:: invokingWatchers:: Elapsed:: 4867.742001995444ms:: 0
[10:23:16.743] DirectoryWatcher:: Triggered with /home/noize/bnd/hacking/nft/moonlight/website/www/node_modules :: WatchInfo: /home/noize/bnd/hacking/nft/moonlight/website/www/node_modules 1 undefined Project: /dev/null/inferredProject1* watcher already invoked: false
[10:23:16.743] Elapsed:: 0.04145699739456177ms DirectoryWatcher:: Triggered with /home/noize/bnd/hacking/nft/moonlight/website/www/node_modules :: WatchInfo: /home/noize/bnd/hacking/nft/moonlight/website/www/node_modules 1 undefined Project: /dev/null/inferredProject1* watcher already invoked: false
[10:23:16.743] sysLog:: Elapsed:: 4868.4542399942875ms:: onTimerToUpdateChildWatches:: 0 undefined
[10:23:16.743] sysLog:: /home/noize/bnd/hacking/nft/moonlight/website/www/node_modules/@eslint/.eslintrc-RBnDLbqb/lib:: Changing watcher to MissingFileSystemEntryWatcher
[10:23:16.743] DirectoryWatcher:: Triggered with /home/noize/bnd/hacking/nft/moonlight/website/www/node_modules/@eslint/.eslintrc-RBnDLbqb/lib :: WatchInfo: /home/noize/bnd/hacking/nft/moonlight/website/www/node_modules 1 undefined Project: /dev/null/inferredProject1* watcher already invoked: false
[10:23:16.744] Elapsed:: 0.01023399829864502ms DirectoryWatcher:: Triggered with /home/noize/bnd/hacking/nft/moonlight/website/www/node_modules/@eslint/.eslintrc-RBnDLbqb/lib :: WatchInfo: /home/noize/bnd/hacking/nft/moonlight/website/www/node_modules 1 undefined Project: /dev/null/inferredProject1* watcher already invoked: false
[10:23:16.744] DirectoryWatcher:: Triggered with /home/noize/bnd/hacking/nft/moonlight/website/www/node_modules/@eslint/.eslintrc-RBnDLbqb/lib :: WatchInfo: /home/noize/bnd/hacking/nft/moonlight/website/www/node_modules 1 undefined Project: /dev/null/inferredProject1* watcher already invoked: false
[10:23:16.744] Elapsed:: 0.022043004631996155ms DirectoryWatcher:: Triggered with /home/noize/bnd/hacking/nft/moonlight/website/www/node_modules/@eslint/.eslintrc-RBnDLbqb/lib :: WatchInfo: /home/noize/bnd/hacking/nft/moonlight/website/www/node_modules 1 undefined Project: /dev/null/inferredProject1* watcher already invoked: false
[10:23:16.745] DirectoryWatcher:: Triggered with /home/noize/bnd/hacking/nft/moonlight/website/www/node_modules/@eslint/.eslintrc-RBnDLbqb/node_modules :: WatchInfo: /home/noize/bnd/hacking/nft/moonlight/website/www/node_modules 1 undefined Project: /dev/null/inferredProject1* watcher already invoked: false
[10:23:16.745] Elapsed:: 0.009861990809440613ms DirectoryWatcher:: Triggered with /home/noize/bnd/hacking/nft/moonlight/website/www/node_modules/@eslint/.eslintrc-RBnDLbqb/node_modules :: WatchInfo: /home/noize/bnd/hacking/nft/moonlight/website/www/node_modules 1 undefined Project: /dev/null/inferredProject1* watcher already invoked: false
[10:23:16.745] sysLog:: /home/noize/bnd/hacking/nft/moonlight/website/www/node_modules/@eslint/.eslintrc-RBnDLbqb:: Changing watcher to MissingFileSystemEntryWatcher
[10:23:16.745] DirectoryWatcher:: Triggered with /home/noize/bnd/hacking/nft/moonlight/website/www/node_modules/@eslint/.eslintrc-RBnDLbqb :: WatchInfo: /home/noize/bnd/hacking/nft/moonlight/website/www/node_modules 1 undefined Project: /dev/null/inferredProject1* watcher already invoked: false
[10:23:16.745] Elapsed:: 0.0072019994258880615ms DirectoryWatcher:: Triggered with /home/noize/bnd/hacking/nft/moonlight/website/www/node_modules/@eslint/.eslintrc-RBnDLbqb :: WatchInfo: /home/noize/bnd/hacking/nft/moonlight/website/www/node_modules 1 undefined Project: /dev/null/inferredProject1* watcher already invoked: false
[10:23:16.745] FileWatcher:: Triggered with /home/noize/bnd/hacking/nft/moonlight/website/www/package.json 1:: WatchInfo: /home/noize/bnd/hacking/nft/moonlight/website/www/package.json 2000 undefined Project: /dev/null/inferredProject1* watcher already invoked: false
[10:23:16.746] Sending response:
    {"projectName":"/dev/null/inferredProject1*","kind":"action::invalidate"}
[10:23:16.746] Response has been sent.
[10:23:16.746] Elapsed:: 0.3292749971151352ms FileWatcher:: Triggered with /home/noize/bnd/hacking/nft/moonlight/website/www/package.json 1:: WatchInfo: /home/noize/bnd/hacking/nft/moonlight/website/www/package.json 2000 undefined Project: /dev/null/inferredProject1* watcher already invoked: false
[10:23:17.746] sysLog:: onTimerToUpdateChildWatches:: 2
[10:23:17.747] sysLog:: invokingWatchers:: Elapsed:: 0.8212300091981888ms:: 0
[10:23:17.747] DirectoryWatcher:: Triggered with /home/noize/bnd/hacking/nft/moonlight/website/www/node_modules :: WatchInfo: /home/noize/bnd/hacking/nft/moonlight/website/www/node_modules 1 undefined Project: /dev/null/inferredProject1* watcher already invoked: true
[10:23:17.747] Elapsed:: 0.007320001721382141ms DirectoryWatcher:: Triggered with /home/noize/bnd/hacking/nft/moonlight/website/www/node_modules :: WatchInfo: /home/noize/bnd/hacking/nft/moonlight/website/www/node_modules 1 undefined Project: /dev/null/inferredProject1* watcher already invoked: true
[10:23:17.747] sysLog:: Elapsed:: 1.0584020018577576ms:: onTimerToUpdateChildWatches:: 0 undefined
[10:23:28.827] Got install request {"projectName":"/dev/null/inferredProject1*","fileNames":["/usr/lib/node_modules/typescript/lib/lib.es5.d.ts","/usr/lib/node_modules/typescript/lib/lib.es2015.d.ts","/usr/lib/node_modules/typescript/lib/lib.es2016.d.ts","/usr/lib/node_modules/typescript/lib/lib.dom.d.ts","/usr/lib/node_modules/typescript/lib/lib.dom.iterable.d.ts","/usr/lib/node_modules/typescript/lib/lib.webworker.importscripts.d.ts","/usr/lib/node_modules/typescript/lib/lib.scripthost.d.ts","/usr/lib/node_modules/typescript/lib/lib.es2015.core.d.ts","/usr/lib/node_modules/typescript/lib/lib.es2015.collection.d.ts","/usr/lib/node_modules/typescript/lib/lib.es2015.generator.d.ts","/usr/lib/node_modules/typescript/lib/lib.es2015.iterable.d.ts","/usr/lib/node_modules/typescript/lib/lib.es2015.promise.d.ts","/usr/lib/node_modules/typescript/lib/lib.es2015.proxy.d.ts","/usr/lib/node_modules/typescript/lib/lib.es2015.reflect.d.ts","/usr/lib/node_modules/typescript/lib/lib.es2015.symbol.d.ts","/usr/lib/node_modules/typescript/lib/lib.es2015.symbol.wellknown.d.ts","/usr/lib/node_modules/typescript/lib/lib.es2016.array.include.d.ts","/usr/lib/node_modules/typescript/lib/lib.es2016.full.d.ts","/home/noize/bnd/hacking/nft/moonlight/website/www/src/Components/Sections/MapMenu.js","/home/noize/bnd/hacking/nft/moonlight/website/www/src/Components/Sections/Roadmap.js","/home/noize/.cache/typescript/4.7/node_modules/@types/react/global.d.ts","/home/noize/.cache/typescript/4.7/node_modules/@types/react/index.d.ts","/home/noize/.cache/typescript/4.7/node_modules/@types/react-dom/index.d.ts","/home/noize/bnd/hacking/nft/moonlight/website/www/node_modules/@fullpage/react-fullpage/types/index.d.ts","/home/noize/bnd/hacking/nft/moonlight/website/www/node_modules/@solana/web3.js/lib/index.d.ts","/home/noize/bnd/hacking/nft/moonlight/website/www/node_modules/@solana/wallet-adapter-base/lib/types/index.d.ts","/home/noize/bnd/hacking/nft/moonlight/website/www/node_modules/@solana-mobile/wallet-adapter-mobile/lib/types/index.d.ts","/home/noize/bnd/hacking/nft/moonlight/website/www/node_modules/@solana/wallet-adapter-react/lib/types/index.d.ts","/home/noize/bnd/hacking/nft/moonlight/website/www/node_modules/@solana/wallet-adapter-react-ui/lib/types/index.d.ts","/home/noize/bnd/hacking/nft/moonlight/website/www/node_modules/@solana/wallet-adapter-wallets/lib/types/index.d.ts","/home/noize/bnd/hacking/nft/moonlight/website/www/node_modules/@testing-library/react/types/index.d.ts","/home/noize/bnd/hacking/nft/moonlight/website/www/node_modules/react-scripts/lib/react-app.d.ts","/home/noize/bnd/hacking/nft/moonlight/website/www/node_modules/web-vitals/dist/modules/index.d.ts"],"compilerOptions":{"module":1,"target":3,"jsx":1,"allowJs":true,"allowSyntheticDefaultImports":true,"allowNonTsExtensions":true,"noEmitForJsFiles":true,"maxNodeModuleJsDepth":2},"typeAcquisition":{"enable":true,"include":[],"exclude":[]},"unresolvedImports":[],"projectRootPath":"/home/noize/bnd/hacking/nft/moonlight/website/www","kind":"discover"}
[10:23:28.828] Explicitly included types: []
[10:23:28.831] Typing names in '/home/noize/bnd/hacking/nft/moonlight/website/www/package.json' dependencies: ["@fullpage/react-fullpage","@solana-mobile/wallet-adapter-mobile","@solana/wallet-adapter-base","@solana/wallet-adapter-react","@solana/wallet-adapter-react-ui","@solana/wallet-adapter-wallets","@solana/web3.js","@testing-library/jest-dom","@testing-library/react","@testing-library/user-event","child_process","crypto-browserify","fullpage","react","react-app-rewired","react-dom","react-scripts","serve","stream-browserify","web-vitals","eslint","eslint-plugin-react"]
[10:23:28.832] Searching for typing names in /home/noize/bnd/hacking/nft/moonlight/website/www/node_modules; all files: ["/home/noize/bnd/hacking/nft/moonlight/website/www/node_modules/@fullpage/react-fullpage/package.json","/home/noize/bnd/hacking/nft/moonlight/website/www/node_modules/@solana-mobile/wallet-adapter-mobile/package.json","/home/noize/bnd/hacking/nft/moonlight/website/www/node_modules/@solana/wallet-adapter-base/package.json","/home/noize/bnd/hacking/nft/moonlight/website/www/node_modules/@solana/wallet-adapter-react/package.json","/home/noize/bnd/hacking/nft/moonlight/website/www/node_modules/@solana/wallet-adapter-react-ui/package.json","/home/noize/bnd/hacking/nft/moonlight/website/www/node_modules/@solana/wallet-adapter-wallets/package.json","/home/noize/bnd/hacking/nft/moonlight/website/www/node_modules/@solana/web3.js/package.json","/home/noize/bnd/hacking/nft/moonlight/website/www/node_modules/@testing-library/jest-dom/package.json","/home/noize/bnd/hacking/nft/moonlight/website/www/node_modules/@testing-library/react/package.json","/home/noize/bnd/hacking/nft/moonlight/website/www/node_modules/@testing-library/user-event/package.json","/home/noize/bnd/hacking/nft/moonlight/website/www/node_modules/child_process/package.json","/home/noize/bnd/hacking/nft/moonlight/website/www/node_modules/crypto-browserify/package.json","/home/noize/bnd/hacking/nft/moonlight/website/www/node_modules/fullpage/package.json","/home/noize/bnd/hacking/nft/moonlight/website/www/node_modules/react/package.json","/home/noize/bnd/hacking/nft/moonlight/website/www/node_modules/react-app-rewired/package.json","/home/noize/bnd/hacking/nft/moonlight/website/www/node_modules/react-dom/package.json","/home/noize/bnd/hacking/nft/moonlight/website/www/node_modules/react-scripts/package.json","/home/noize/bnd/hacking/nft/moonlight/website/www/node_modules/serve/package.json","/home/noize/bnd/hacking/nft/moonlight/website/www/node_modules/stream-browserify/package.json","/home/noize/bnd/hacking/nft/moonlight/website/www/node_modules/web-vitals/package.json","/home/noize/bnd/hacking/nft/moonlight/website/www/node_modules/eslint/package.json","/home/noize/bnd/hacking/nft/moonlight/website/www/node_modules/eslint-plugin-react/package.json"]
[10:23:28.834]     Package '@fullpage/react-fullpage' provides its own types.
[10:23:28.835]     Package '@solana-mobile/wallet-adapter-mobile' provides its own types.
[10:23:28.838]     Package '@solana/wallet-adapter-base' provides its own types.
[10:23:28.839]     Package '@solana/wallet-adapter-react' provides its own types.
[10:23:28.841]     Package '@solana/wallet-adapter-react-ui' provides its own types.
[10:23:28.843]     Package '@solana/wallet-adapter-wallets' provides its own types.
[10:23:28.881]     Package '@solana/web3.js' provides its own types.
[10:23:29.425]     Package '@testing-library/react' provides its own types.
[10:23:29.947]     Package 'react-scripts' provides its own types.
[10:23:30.029]     Package 'web-vitals' provides its own types.
[10:23:30.042]     Found package names: ["@testing-library/jest-dom","@testing-library/user-event","child_process","crypto-browserify","fullpage","react","react-app-rewired","react-dom","serve","stream-browserify","eslint","eslint-plugin-react"]
[10:23:30.042] Inferred typings from unresolved imports: []
[10:23:30.042] Result: {"cachedTypingPaths":["/home/noize/bnd/hacking/nft/moonlight/website/www/node_modules/@fullpage/react-fullpage/types/index.d.ts","/home/noize/bnd/hacking/nft/moonlight/website/www/node_modules/@solana-mobile/wallet-adapter-mobile/lib/types/index.d.ts","/home/noize/bnd/hacking/nft/moonlight/website/www/node_modules/@solana/wallet-adapter-base/lib/types/index.d.ts","/home/noize/bnd/hacking/nft/moonlight/website/www/node_modules/@solana/wallet-adapter-react/lib/types/index.d.ts","/home/noize/bnd/hacking/nft/moonlight/website/www/node_modules/@solana/wallet-adapter-react-ui/lib/types/index.d.ts","/home/noize/bnd/hacking/nft/moonlight/website/www/node_modules/@solana/wallet-adapter-wallets/lib/types/index.d.ts","/home/noize/bnd/hacking/nft/moonlight/website/www/node_modules/@solana/web3.js/lib/index.d.ts","/home/noize/bnd/hacking/nft/moonlight/website/www/node_modules/@testing-library/react/types/index.d.ts","/home/noize/.cache/typescript/4.7/node_modules/@types/react/index.d.ts","/home/noize/.cache/typescript/4.7/node_modules/@types/react-dom/index.d.ts","/home/noize/bnd/hacking/nft/moonlight/website/www/node_modules/react-scripts/lib/react-app.d.ts","/home/noize/bnd/hacking/nft/moonlight/website/www/node_modules/web-vitals/dist/modules/index.d.ts"],"newTypingNames":["@testing-library/jest-dom","@testing-library/user-event","child_process","crypto-browserify","fullpage","react-app-rewired","serve","stream-browserify","eslint","eslint-plugin-react"],"filesToWatch":["/home/noize/bnd/hacking/nft/moonlight/website/www/src/Components/Sections/bower_components","/home/noize/bnd/hacking/nft/moonlight/website/www/src/Components/Sections/node_modules","/home/noize/bnd/hacking/nft/moonlight/website/www/bower_components","/home/noize/bnd/hacking/nft/moonlight/website/www/package.json","/home/noize/bnd/hacking/nft/moonlight/website/www/node_modules"]}
[10:23:30.043] Finished typings discovery: {"cachedTypingPaths":["/home/noize/bnd/hacking/nft/moonlight/website/www/node_modules/@fullpage/react-fullpage/types/index.d.ts","/home/noize/bnd/hacking/nft/moonlight/website/www/node_modules/@solana-mobile/wallet-adapter-mobile/lib/types/index.d.ts","/home/noize/bnd/hacking/nft/moonlight/website/www/node_modules/@solana/wallet-adapter-base/lib/types/index.d.ts","/home/noize/bnd/hacking/nft/moonlight/website/www/node_modules/@solana/wallet-adapter-react/lib/types/index.d.ts","/home/noize/bnd/hacking/nft/moonlight/website/www/node_modules/@solana/wallet-adapter-react-ui/lib/types/index.d.ts","/home/noize/bnd/hacking/nft/moonlight/website/www/node_modules/@solana/wallet-adapter-wallets/lib/types/index.d.ts","/home/noize/bnd/hacking/nft/moonlight/website/www/node_modules/@solana/web3.js/lib/index.d.ts","/home/noize/bnd/hacking/nft/moonlight/website/www/node_modules/@testing-library/react/types/index.d.ts","/home/noize/.cache/typescript/4.7/node_modules/@types/react/index.d.ts","/home/noize/.cache/typescript/4.7/node_modules/@types/react-dom/index.d.ts","/home/noize/bnd/hacking/nft/moonlight/website/www/node_modules/react-scripts/lib/react-app.d.ts","/home/noize/bnd/hacking/nft/moonlight/website/www/node_modules/web-vitals/dist/modules/index.d.ts"],"newTypingNames":["@testing-library/jest-dom","@testing-library/user-event","child_process","crypto-browserify","fullpage","react-app-rewired","serve","stream-browserify","eslint","eslint-plugin-react"],"filesToWatch":["/home/noize/bnd/hacking/nft/moonlight/website/www/src/Components/Sections/bower_components","/home/noize/bnd/hacking/nft/moonlight/website/www/src/Components/Sections/node_modules","/home/noize/bnd/hacking/nft/moonlight/website/www/bower_components","/home/noize/bnd/hacking/nft/moonlight/website/www/package.json","/home/noize/bnd/hacking/nft/moonlight/website/www/node_modules"]}
[10:23:30.043] Installing typings ["@testing-library/jest-dom","@testing-library/user-event","child_process","crypto-browserify","fullpage","react-app-rewired","serve","stream-browserify","eslint","eslint-plugin-react"]
[10:23:30.044] '@testing-library/jest-dom':: 'testing-library__jest-dom' already has an up-to-date typing - skipping...
[10:23:30.044] '@testing-library/user-event':: Entry for package 'testing-library__user-event' does not exist in local types registry - skipping...
[10:23:30.044] 'child_process':: Entry for package 'child_process' does not exist in local types registry - skipping...
[10:23:30.044] 'crypto-browserify':: Entry for package 'crypto-browserify' does not exist in local types registry - skipping...
[10:23:30.044] 'fullpage':: Entry for package 'fullpage' does not exist in local types registry - skipping...
[10:23:30.044] 'react-app-rewired':: Entry for package 'react-app-rewired' does not exist in local types registry - skipping...
[10:23:30.045] 'serve':: Entry for package 'serve' does not exist in local types registry - skipping...
[10:23:30.045] 'stream-browserify':: Entry for package 'stream-browserify' does not exist in local types registry - skipping...
[10:23:30.046] 'eslint-plugin-react':: Entry for package 'eslint-plugin-react' does not exist in local types registry - skipping...
[10:23:30.046] Npm config file: /home/noize/.cache/typescript/4.7/package.json
[10:23:30.046] Sending response:
    {"kind":"event::beginInstallTypes","eventId":1,"typingsInstallerVersion":"4.7.4","projectName":"/dev/null/inferredProject1*"}
[10:23:30.046] Response has been sent.
[10:23:30.047] #1 with arguments'["@types/eslint@ts4.7"]'.
[10:23:30.048] Exec: "/usr/bin/npm" install --ignore-scripts @types/eslint@ts4.7 --save-dev --user-agent="typesInstaller/4.7.4"
[10:23:34.204]     Succeeded. stdout:
    
    added 3 packages, and audited 73 packages in 4s

5 packages are looking for funding
  run `npm fund` for details

found 0 vulnerabilities

[10:23:34.204] npm install #1 took: 4156 ms
[10:23:34.204] Installed typings ["@types/eslint@ts4.7"]
[10:23:34.207] Installed typing files ["/home/noize/.cache/typescript/4.7/node_modules/@types/eslint/index.d.ts"]
[10:23:34.207] Sending response:
    {"projectName":"/dev/null/inferredProject1*","typeAcquisition":{"enable":true,"include":[],"exclude":[]},"compilerOptions":{"module":1,"target":3,"jsx":1,"allowJs":true,"allowSyntheticDefaultImports":true,"allowNonTsExtensions":true,"noEmitForJsFiles":true,"maxNodeModuleJsDepth":2},"typings":["/home/noize/bnd/hacking/nft/moonlight/website/www/node_modules/@fullpage/react-fullpage/types/index.d.ts","/home/noize/bnd/hacking/nft/moonlight/website/www/node_modules/@solana-mobile/wallet-adapter-mobile/lib/types/index.d.ts","/home/noize/bnd/hacking/nft/moonlight/website/www/node_modules/@solana/wallet-adapter-base/lib/types/index.d.ts","/home/noize/bnd/hacking/nft/moonlight/website/www/node_modules/@solana/wallet-adapter-react/lib/types/index.d.ts","/home/noize/bnd/hacking/nft/moonlight/website/www/node_modules/@solana/wallet-adapter-react-ui/lib/types/index.d.ts","/home/noize/bnd/hacking/nft/moonlight/website/www/node_modules/@solana/wallet-adapter-wallets/lib/types/index.d.ts","/home/noize/bnd/hacking/nft/moonlight/website/www/node_modules/@solana/web3.js/lib/index.d.ts","/home/noize/bnd/hacking/nft/moonlight/website/www/node_modules/@testing-library/react/types/index.d.ts","/home/noize/.cache/typescript/4.7/node_modules/@types/react/index.d.ts","/home/noize/.cache/typescript/4.7/node_modules/@types/react-dom/index.d.ts","/home/noize/bnd/hacking/nft/moonlight/website/www/node_modules/react-scripts/lib/react-app.d.ts","/home/noize/bnd/hacking/nft/moonlight/website/www/node_modules/web-vitals/dist/modules/index.d.ts","/home/noize/.cache/typescript/4.7/node_modules/@types/eslint/index.d.ts"],"unresolvedImports":[],"kind":"action::set"}
[10:23:34.207] Response has been sent.
[10:23:34.208] Sending response:
    {"kind":"event::endInstallTypes","eventId":1,"projectName":"/dev/null/inferredProject1*","packagesToInstall":["@types/eslint@ts4.7"],"installSuccess":true,"typingsInstallerVersion":"4.7.4"}
[10:23:34.208] Response has been sent.
[10:23:35.088] Got install request {"projectName":"/dev/null/inferredProject1*","fileNames":["/usr/lib/node_modules/typescript/lib/lib.es5.d.ts","/usr/lib/node_modules/typescript/lib/lib.es2015.d.ts","/usr/lib/node_modules/typescript/lib/lib.es2016.d.ts","/usr/lib/node_modules/typescript/lib/lib.dom.d.ts","/usr/lib/node_modules/typescript/lib/lib.dom.iterable.d.ts","/usr/lib/node_modules/typescript/lib/lib.webworker.importscripts.d.ts","/usr/lib/node_modules/typescript/lib/lib.scripthost.d.ts","/usr/lib/node_modules/typescript/lib/lib.es2015.core.d.ts","/usr/lib/node_modules/typescript/lib/lib.es2015.collection.d.ts","/usr/lib/node_modules/typescript/lib/lib.es2015.generator.d.ts","/usr/lib/node_modules/typescript/lib/lib.es2015.iterable.d.ts","/usr/lib/node_modules/typescript/lib/lib.es2015.promise.d.ts","/usr/lib/node_modules/typescript/lib/lib.es2015.proxy.d.ts","/usr/lib/node_modules/typescript/lib/lib.es2015.reflect.d.ts","/usr/lib/node_modules/typescript/lib/lib.es2015.symbol.d.ts","/usr/lib/node_modules/typescript/lib/lib.es2015.symbol.wellknown.d.ts","/usr/lib/node_modules/typescript/lib/lib.es2016.array.include.d.ts","/usr/lib/node_modules/typescript/lib/lib.es2016.full.d.ts","/home/noize/bnd/hacking/nft/moonlight/website/www/src/Components/Sections/MapMenu.js","/home/noize/bnd/hacking/nft/moonlight/website/www/src/Components/Sections/Roadmap.js","/home/noize/.cache/typescript/4.7/node_modules/@types/eslint/helpers.d.ts","/home/noize/.cache/typescript/4.7/node_modules/@types/eslint/index.d.ts","/home/noize/.cache/typescript/4.7/node_modules/@types/react/global.d.ts","/home/noize/.cache/typescript/4.7/node_modules/@types/react/index.d.ts","/home/noize/.cache/typescript/4.7/node_modules/@types/react-dom/index.d.ts","/home/noize/bnd/hacking/nft/moonlight/website/www/node_modules/@fullpage/react-fullpage/types/index.d.ts","/home/noize/bnd/hacking/nft/moonlight/website/www/node_modules/@solana/web3.js/lib/index.d.ts","/home/noize/bnd/hacking/nft/moonlight/website/www/node_modules/@solana/wallet-adapter-base/lib/types/index.d.ts","/home/noize/bnd/hacking/nft/moonlight/website/www/node_modules/@solana-mobile/wallet-adapter-mobile/lib/types/index.d.ts","/home/noize/bnd/hacking/nft/moonlight/website/www/node_modules/@solana/wallet-adapter-react/lib/types/index.d.ts","/home/noize/bnd/hacking/nft/moonlight/website/www/node_modules/@solana/wallet-adapter-react-ui/lib/types/index.d.ts","/home/noize/bnd/hacking/nft/moonlight/website/www/node_modules/@solana/wallet-adapter-wallets/lib/types/index.d.ts","/home/noize/bnd/hacking/nft/moonlight/website/www/node_modules/@testing-library/react/types/index.d.ts","/home/noize/bnd/hacking/nft/moonlight/website/www/node_modules/react-scripts/lib/react-app.d.ts","/home/noize/bnd/hacking/nft/moonlight/website/www/node_modules/web-vitals/dist/modules/index.d.ts"],"compilerOptions":{"module":1,"target":3,"jsx":1,"allowJs":true,"allowSyntheticDefaultImports":true,"allowNonTsExtensions":true,"noEmitForJsFiles":true,"maxNodeModuleJsDepth":2},"typeAcquisition":{"enable":true,"include":[],"exclude":[]},"unresolvedImports":[],"projectRootPath":"/home/noize/bnd/hacking/nft/moonlight/website/www","kind":"discover"}
[10:23:35.088] Explicitly included types: []
[10:23:35.089] Typing names in '/home/noize/bnd/hacking/nft/moonlight/website/www/package.json' dependencies: ["@fullpage/react-fullpage","@solana-mobile/wallet-adapter-mobile","@solana/wallet-adapter-base","@solana/wallet-adapter-react","@solana/wallet-adapter-react-ui","@solana/wallet-adapter-wallets","@solana/web3.js","@testing-library/jest-dom","@testing-library/react","@testing-library/user-event","child_process","crypto-browserify","fullpage","react","react-app-rewired","react-dom","react-scripts","serve","stream-browserify","web-vitals","eslint","eslint-plugin-react"]
[10:23:35.089] Searching for typing names in /home/noize/bnd/hacking/nft/moonlight/website/www/node_modules; all files: ["/home/noize/bnd/hacking/nft/moonlight/website/www/node_modules/@fullpage/react-fullpage/package.json","/home/noize/bnd/hacking/nft/moonlight/website/www/node_modules/@solana-mobile/wallet-adapter-mobile/package.json","/home/noize/bnd/hacking/nft/moonlight/website/www/node_modules/@solana/wallet-adapter-base/package.json","/home/noize/bnd/hacking/nft/moonlight/website/www/node_modules/@solana/wallet-adapter-react/package.json","/home/noize/bnd/hacking/nft/moonlight/website/www/node_modules/@solana/wallet-adapter-react-ui/package.json","/home/noize/bnd/hacking/nft/moonlight/website/www/node_modules/@solana/wallet-adapter-wallets/package.json","/home/noize/bnd/hacking/nft/moonlight/website/www/node_modules/@solana/web3.js/package.json","/home/noize/bnd/hacking/nft/moonlight/website/www/node_modules/@testing-library/jest-dom/package.json","/home/noize/bnd/hacking/nft/moonlight/website/www/node_modules/@testing-library/react/package.json","/home/noize/bnd/hacking/nft/moonlight/website/www/node_modules/@testing-library/user-event/package.json","/home/noize/bnd/hacking/nft/moonlight/website/www/node_modules/child_process/package.json","/home/noize/bnd/hacking/nft/moonlight/website/www/node_modules/crypto-browserify/package.json","/home/noize/bnd/hacking/nft/moonlight/website/www/node_modules/fullpage/package.json","/home/noize/bnd/hacking/nft/moonlight/website/www/node_modules/react/package.json","/home/noize/bnd/hacking/nft/moonlight/website/www/node_modules/react-app-rewired/package.json","/home/noize/bnd/hacking/nft/moonlight/website/www/node_modules/react-dom/package.json","/home/noize/bnd/hacking/nft/moonlight/website/www/node_modules/react-scripts/package.json","/home/noize/bnd/hacking/nft/moonlight/website/www/node_modules/serve/package.json","/home/noize/bnd/hacking/nft/moonlight/website/www/node_modules/stream-browserify/package.json","/home/noize/bnd/hacking/nft/moonlight/website/www/node_modules/web-vitals/package.json","/home/noize/bnd/hacking/nft/moonlight/website/www/node_modules/eslint/package.json","/home/noize/bnd/hacking/nft/moonlight/website/www/node_modules/eslint-plugin-react/package.json"]
[10:23:35.091]     Package '@fullpage/react-fullpage' provides its own types.
[10:23:35.092]     Package '@solana-mobile/wallet-adapter-mobile' provides its own types.
[10:23:35.093]     Package '@solana/wallet-adapter-base' provides its own types.
[10:23:35.094]     Package '@solana/wallet-adapter-react' provides its own types.
[10:23:35.097]     Package '@solana/wallet-adapter-react-ui' provides its own types.
[10:23:35.098]     Package '@solana/wallet-adapter-wallets' provides its own types.
[10:23:35.110]     Package '@solana/web3.js' provides its own types.
[10:23:35.113]     Package '@testing-library/react' provides its own types.
[10:23:35.124]     Package 'react-scripts' provides its own types.
[10:23:35.127]     Package 'web-vitals' provides its own types.
[10:23:35.130]     Found package names: ["@testing-library/jest-dom","@testing-library/user-event","child_process","crypto-browserify","fullpage","react","react-app-rewired","react-dom","serve","stream-browserify","eslint","eslint-plugin-react"]
[10:23:35.130] Inferred typings from unresolved imports: []
[10:23:35.131] Result: {"cachedTypingPaths":["/home/noize/bnd/hacking/nft/moonlight/website/www/node_modules/@fullpage/react-fullpage/types/index.d.ts","/home/noize/bnd/hacking/nft/moonlight/website/www/node_modules/@solana-mobile/wallet-adapter-mobile/lib/types/index.d.ts","/home/noize/bnd/hacking/nft/moonlight/website/www/node_modules/@solana/wallet-adapter-base/lib/types/index.d.ts","/home/noize/bnd/hacking/nft/moonlight/website/www/node_modules/@solana/wallet-adapter-react/lib/types/index.d.ts","/home/noize/bnd/hacking/nft/moonlight/website/www/node_modules/@solana/wallet-adapter-react-ui/lib/types/index.d.ts","/home/noize/bnd/hacking/nft/moonlight/website/www/node_modules/@solana/wallet-adapter-wallets/lib/types/index.d.ts","/home/noize/bnd/hacking/nft/moonlight/website/www/node_modules/@solana/web3.js/lib/index.d.ts","/home/noize/bnd/hacking/nft/moonlight/website/www/node_modules/@testing-library/react/types/index.d.ts","/home/noize/.cache/typescript/4.7/node_modules/@types/react/index.d.ts","/home/noize/.cache/typescript/4.7/node_modules/@types/react-dom/index.d.ts","/home/noize/bnd/hacking/nft/moonlight/website/www/node_modules/react-scripts/lib/react-app.d.ts","/home/noize/bnd/hacking/nft/moonlight/website/www/node_modules/web-vitals/dist/modules/index.d.ts","/home/noize/.cache/typescript/4.7/node_modules/@types/eslint/index.d.ts"],"newTypingNames":["@testing-library/jest-dom","@testing-library/user-event","child_process","crypto-browserify","fullpage","react-app-rewired","serve","stream-browserify","eslint-plugin-react"],"filesToWatch":["/home/noize/bnd/hacking/nft/moonlight/website/www/src/Components/Sections/bower_components","/home/noize/bnd/hacking/nft/moonlight/website/www/src/Components/Sections/node_modules","/home/noize/bnd/hacking/nft/moonlight/website/www/bower_components","/home/noize/bnd/hacking/nft/moonlight/website/www/package.json","/home/noize/bnd/hacking/nft/moonlight/website/www/node_modules"]}
[10:23:35.131] Finished typings discovery: {"cachedTypingPaths":["/home/noize/bnd/hacking/nft/moonlight/website/www/node_modules/@fullpage/react-fullpage/types/index.d.ts","/home/noize/bnd/hacking/nft/moonlight/website/www/node_modules/@solana-mobile/wallet-adapter-mobile/lib/types/index.d.ts","/home/noize/bnd/hacking/nft/moonlight/website/www/node_modules/@solana/wallet-adapter-base/lib/types/index.d.ts","/home/noize/bnd/hacking/nft/moonlight/website/www/node_modules/@solana/wallet-adapter-react/lib/types/index.d.ts","/home/noize/bnd/hacking/nft/moonlight/website/www/node_modules/@solana/wallet-adapter-react-ui/lib/types/index.d.ts","/home/noize/bnd/hacking/nft/moonlight/website/www/node_modules/@solana/wallet-adapter-wallets/lib/types/index.d.ts","/home/noize/bnd/hacking/nft/moonlight/website/www/node_modules/@solana/web3.js/lib/index.d.ts","/home/noize/bnd/hacking/nft/moonlight/website/www/node_modules/@testing-library/react/types/index.d.ts","/home/noize/.cache/typescript/4.7/node_modules/@types/react/index.d.ts","/home/noize/.cache/typescript/4.7/node_modules/@types/react-dom/index.d.ts","/home/noize/bnd/hacking/nft/moonlight/website/www/node_modules/react-scripts/lib/react-app.d.ts","/home/noize/bnd/hacking/nft/moonlight/website/www/node_modules/web-vitals/dist/modules/index.d.ts","/home/noize/.cache/typescript/4.7/node_modules/@types/eslint/index.d.ts"],"newTypingNames":["@testing-library/jest-dom","@testing-library/user-event","child_process","crypto-browserify","fullpage","react-app-rewired","serve","stream-browserify","eslint-plugin-react"],"filesToWatch":["/home/noize/bnd/hacking/nft/moonlight/website/www/src/Components/Sections/bower_components","/home/noize/bnd/hacking/nft/moonlight/website/www/src/Components/Sections/node_modules","/home/noize/bnd/hacking/nft/moonlight/website/www/bower_components","/home/noize/bnd/hacking/nft/moonlight/website/www/package.json","/home/noize/bnd/hacking/nft/moonlight/website/www/node_modules"]}
[10:23:35.131] Installing typings ["@testing-library/jest-dom","@testing-library/user-event","child_process","crypto-browserify","fullpage","react-app-rewired","serve","stream-browserify","eslint-plugin-react"]
[10:23:35.131] '@testing-library/jest-dom':: 'testing-library__jest-dom' already has an up-to-date typing - skipping...
[10:23:35.131] '@testing-library/user-event':: Entry for package 'testing-library__user-event' does not exist in local types registry - skipping...
[10:23:35.131] 'child_process':: Entry for package 'child_process' does not exist in local types registry - skipping...
[10:23:35.131] 'crypto-browserify':: Entry for package 'crypto-browserify' does not exist in local types registry - skipping...
[10:23:35.131] 'fullpage':: Entry for package 'fullpage' does not exist in local types registry - skipping...
[10:23:35.131] 'react-app-rewired':: Entry for package 'react-app-rewired' does not exist in local types registry - skipping...
[10:23:35.131] 'serve':: Entry for package 'serve' does not exist in local types registry - skipping...
[10:23:35.132] 'stream-browserify':: Entry for package 'stream-browserify' does not exist in local types registry - skipping...
[10:23:35.132] 'eslint-plugin-react':: Entry for package 'eslint-plugin-react' does not exist in local types registry - skipping...
[10:23:35.132] All typings are known to be missing or invalid - no need to install more typings
[10:23:35.132] Sending response:
    {"projectName":"/dev/null/inferredProject1*","typeAcquisition":{"enable":true,"include":[],"exclude":[]},"compilerOptions":{"module":1,"target":3,"jsx":1,"allowJs":true,"allowSyntheticDefaultImports":true,"allowNonTsExtensions":true,"noEmitForJsFiles":true,"maxNodeModuleJsDepth":2},"typings":["/home/noize/bnd/hacking/nft/moonlight/website/www/node_modules/@fullpage/react-fullpage/types/index.d.ts","/home/noize/bnd/hacking/nft/moonlight/website/www/node_modules/@solana-mobile/wallet-adapter-mobile/lib/types/index.d.ts","/home/noize/bnd/hacking/nft/moonlight/website/www/node_modules/@solana/wallet-adapter-base/lib/types/index.d.ts","/home/noize/bnd/hacking/nft/moonlight/website/www/node_modules/@solana/wallet-adapter-react/lib/types/index.d.ts","/home/noize/bnd/hacking/nft/moonlight/website/www/node_modules/@solana/wallet-adapter-react-ui/lib/types/index.d.ts","/home/noize/bnd/hacking/nft/moonlight/website/www/node_modules/@solana/wallet-adapter-wallets/lib/types/index.d.ts","/home/noize/bnd/hacking/nft/moonlight/website/www/node_modules/@solana/web3.js/lib/index.d.ts","/home/noize/bnd/hacking/nft/moonlight/website/www/node_modules/@testing-library/react/types/index.d.ts","/home/noize/.cache/typescript/4.7/node_modules/@types/react/index.d.ts","/home/noize/.cache/typescript/4.7/node_modules/@types/react-dom/index.d.ts","/home/noize/bnd/hacking/nft/moonlight/website/www/node_modules/react-scripts/lib/react-app.d.ts","/home/noize/bnd/hacking/nft/moonlight/website/www/node_modules/web-vitals/dist/modules/index.d.ts","/home/noize/.cache/typescript/4.7/node_modules/@types/eslint/index.d.ts"],"unresolvedImports":[],"kind":"action::set"}
[10:23:35.132] Response has been sent.
